    _                _                      
   / \   ___ ___ ___| | ___ _ __ __ _ _   _ 
  / _ \ / __/ __/ _ \ |/ _ \ '__/ _` | | | |
 / ___ \ (_| (_|  __/ |  __/ | | (_| | |_| |
/_/   \_\___\___\___|_|\___|_|  \__, |\__, |
                                |___/ |___/ 

Info: generating outputs according to the following specified output flags... 
 Please use the -f flag to update the preference (default to all output files) 
{'ERT': 1, 'ERT_summary': 1, 'ART': 1, 'ART_summary': 1, 'energy_estimation': 1, 'flattened_arch': 1}
Info: config file located: /home/workspace/.config/accelergy/accelergy_config.yaml 
config file content: 
 {'compound_components': [], 'estimator_plug_ins': ['/usr/local/share/accelergy/estimation_plug_ins'], 'primitive_components': ['/usr/local/share/accelergy/primitive_component_libs'], 'table_plug_ins': {'roots': ['/usr/local/share/accelergy/estimation_plug_ins/accelergy-table-based-plug-ins/set_of_table_templates', '/Users/shashatasawmya/Documents/HARchDLlab3/lab-3-pythonLoader/workspace/lab3/PIM_estimation_tables', '/home/workspace/lab4/PIM_estimation_tables', '/home/workspace/lab3/PIM_estimation_tables']}, 'version': 0.3}
Warn: Cannot recognize the top key "sparse_optimizations" in file sparse-opt/compress-AB-skippingZ.yaml 
Warn: Cannot recognize the top key "mapper" in file mapper/mapper.yaml 
Warn: Cannot recognize the top key "problem" in file ../../pointNet_Layers/pointNet_layer9.yaml 
Info: Parsing file arch/2level.arch.yaml for architecture info 
Info: Found non-numeric expression 45nm. Available bindings: {'technology': '45nm'} 
WARN: Failed to evaluate "45nm". Setting system.technology="45nm". Available bindings: {'technology': '45nm'}
Info: Parsing file components/SRAM_metadata.yaml for compound_components info 
Info: Parsing file components/reg_metadata.yaml for compound_components info 
Info: Parsing file components/regfile_metadata.yaml for compound_components info 
Info: primitive component file parsed:  /usr/local/share/accelergy/primitive_component_libs/pim_primitive_component.lib.yaml 
Info: primitive component file parsed:  /usr/local/share/accelergy/primitive_component_libs/soc_primitives.lib.yaml 
Info: primitive component file parsed:  /usr/local/share/accelergy/primitive_component_libs/primitive_component.lib.yaml 
Info: Calculated "log(data_storage_depth)" = 4.852030263919617 
Info: Found non-numeric expression 5ns. Available bindings: {'datawidth': 8, 'technology': '45nm', 'num_pipeline_stages': 2, 'latency': '5ns'} 
WARN: Failed to evaluate "5ns". Setting system.PE.MAC.latency="5ns". Available bindings: {'datawidth': 8, 'technology': '45nm', 'num_pipeline_stages': 2, 'latency': '5ns'}
Info: Calculated "log(data_storage_depth)" = 6.238324625039508 
Info: Calculated "data_storage_depth/num_storage_instances" = 128 
Info: Found non-numeric expression avg_sparsity. Available bindings: {'data_storage_depth': 128, 'data_storage_width': 8, 'datawidth': 8, 'block_size': 1, 'metadata_storage_depth': 128, 'metadata_storage_width': 4, 'metadata_datawidth': 4, 'read_bandwidth': 5, 'write_bandwidth': 5, 'technology': '45nm', 'n_banks': 1, 'n_rdwr_ports': 2, 'num_storage_instances': 1, 'counter_width': 0, 'ag_datawidth': 4.852030263919617} 
WARN: Failed to evaluate "avg_sparsity". Setting storage.avg_sparsity="avg_sparsity". Available bindings: {'data_storage_depth': 128, 'data_storage_width': 8, 'datawidth': 8, 'block_size': 1, 'metadata_storage_depth': 128, 'metadata_storage_width': 4, 'metadata_datawidth': 4, 'read_bandwidth': 5, 'write_bandwidth': 5, 'technology': '45nm', 'n_banks': 1, 'n_rdwr_ports': 2, 'num_storage_instances': 1, 'counter_width': 0, 'ag_datawidth': 4.852030263919617}
Info: Calculated "metadata_storage_depth/num_storage_instances" = 128 
Info: Calculated "data_storage_depth/num_storage_instances" = 512 
Info: estimator plug-in identified by:  /usr/local/share/accelergy/estimation_plug_ins/accelergy-cacti-plug-in/cacti.estimator.yaml 
Info: estimator plug-in identified by:  /usr/local/share/accelergy/estimation_plug_ins/accelergy-table-based-plug-ins/table.estimator.yaml 
table-based-plug-ins Identifies a set of tables named:  test_tables
table-based-plug-ins Identifies a set of tables named:  32nm_tables
table-based-plug-ins Identifies a set of tables named:  memristor_tables
Info: estimator plug-in identified by:  /usr/local/share/accelergy/estimation_plug_ins/accelergy-aladdin-plug-in/aladdin.estimator.yaml 
Info: estimator plug-in identified by:  /usr/local/share/accelergy/estimation_plug_ins/dummy_tables/dummy.estimator.yaml 
Info: CACTI plug-in... Querying CACTI for request:
 {'class_name': 'SRAM', 'attributes': OrderedDict([('technology', '45nm'), ('width', 32), ('depth', 512), ('datawidth', 8), ('n_rdwr_ports', 2), ('n_banks', 1), ('avg_sparsity', 'avg_sparsity'), ('n_rd_ports', 0), ('n_wr_ports', 0), ('latency', '5ns')]), 'action_name': 'write', 'arguments': None}
copy  /usr/local/share/accelergy/estimation_plug_ins/accelergy-cacti-plug-in/default_SRAM.cfg  to  /usr/local/share/accelergy/estimation_plug_ins/accelergy-cacti-plug-in/cacti/timeloop-mapper.05_05_19_46_52_SRAM.cfg
CACTI plug-in removing temp file:  /usr/local/share/accelergy/estimation_plug_ins/accelergy-cacti-plug-in/cacti/timeloop-mapper.05_05_19_46_52_SRAM.cfg
Warn: No action counts are specified as yaml input 
Info: flattened architecture is saved to: dense_layers/dense_pointNet_layer9/timeloop-mapper.flattened_architecture.yaml 
Info: energy reference table is saved to: dense_layers/dense_pointNet_layer9/timeloop-mapper.ERT.yaml 
Info: energy reference table summary is saved to: dense_layers/dense_pointNet_layer9/timeloop-mapper.ERT_summary.yaml 
Warn: no runtime energy estimations are generated... not generating energy_estimation.yaml 
Info: area reference table is saved to: dense_layers/dense_pointNet_layer9/timeloop-mapper.ART.yaml 
Info: area reference table summary is saved to: dense_layers/dense_pointNet_layer9/timeloop-mapper.ART_summary.yaml 
